Start testing: Dec 08 20:22 PST
----------------------------------------------------------
1/2 Testing: qa_dTime
1/2 Test: qa_dTime
Command: "/bin/sh" "/home/jl/GnuradioProj/gr-diffApp/build/python/qa_dTime_test.sh"
Directory: /home/jl/GnuradioProj/gr-diffApp/build/python
"qa_dTime" start time: Dec 08 20:22 PST
Output:
----------------------------------------------------------
linux; GNU C++ version 7.3.0; Boost_106501; UHD_003.010.003.000-0-unknown

.
----------------------------------------------------------------------
Ran 1 test in 0.001s

OK
<end of output>
Test time =   0.30 sec
----------------------------------------------------------
Test Passed.
"qa_dTime" end time: Dec 08 20:22 PST
"qa_dTime" time elapsed: 00:00:00
----------------------------------------------------------

2/2 Testing: qa_idealdt
2/2 Test: qa_idealdt
Command: "/bin/sh" "/home/jl/GnuradioProj/gr-diffApp/build/python/qa_idealdt_test.sh"
Directory: /home/jl/GnuradioProj/gr-diffApp/build/python
"qa_idealdt" start time: Dec 08 20:22 PST
Output:
----------------------------------------------------------
linux; GNU C++ version 7.3.0; Boost_106501; UHD_003.010.003.000-0-unknown

.
----------------------------------------------------------------------
Ran 1 test in 0.001s

OK
<end of output>
Test time =   0.27 sec
----------------------------------------------------------
Test Passed.
"qa_idealdt" end time: Dec 08 20:22 PST
"qa_idealdt" time elapsed: 00:00:00
----------------------------------------------------------

End testing: Dec 08 20:22 PST
